zProgressHUD/build/intermediates/manifest_merge_blame_file/debug/manifest-merger-blame-debug-report.txt
1<?xml version="1.0" encoding="utf-8"?>
2<manifest xmlns:android="http://schemas.android.com/apk/res/android"
3    package="com.example.zprogresshud"
4    android:versionCode="1"
5    android:versionName="1.0" >
6    <!--
7  <application
8        android:allowBackup="true"
9        android:icon="@drawable/ic_launcher"
10        android:label="@string/app_name"
11        android:theme="@style/AppTheme" >
12    </application>
13    -->
14    <uses-sdk
15        android:minSdkVersion="8"
15-->src\main\AndroidManifest.xml
16        android:targetSdkVersion="17" />
16-->src\main\AndroidManifest.xml
17
18</manifest>